{
  "stats": {
    "suites": 1,
    "tests": 5,
    "passes": 5,
    "pending": 0,
    "failures": 0,
    "start": "2025-11-10T09:39:58.521Z",
    "end": "2025-11-10T09:40:39.543Z",
    "duration": 41022,
    "testsRegistered": 5,
    "passPercent": 100,
    "pendingPercent": 0,
    "other": 0,
    "hasOther": false,
    "skipped": 0,
    "hasSkipped": false
  },
  "results": [
    {
      "uuid": "a6ffac22-4a20-4d84-bd10-a7449044b5f8",
      "title": "",
      "fullFile": "cypress\\e2e\\addtocart.cy.js",
      "file": "cypress\\e2e\\addtocart.cy.js",
      "beforeHooks": [],
      "afterHooks": [],
      "tests": [],
      "suites": [
        {
          "uuid": "191a82bd-554b-4a9f-b6b6-a77581071ba3",
          "title": "Swag Labs - Add to Cart Tests",
          "fullFile": "",
          "file": "",
          "beforeHooks": [],
          "afterHooks": [],
          "tests": [
            {
              "title": "should add a single product to the cart",
              "fullTitle": "Swag Labs - Add to Cart Tests should add a single product to the cart",
              "timedOut": null,
              "duration": 7870,
              "state": "passed",
              "speed": "medium",
              "pass": true,
              "fail": false,
              "pending": false,
              "context": null,
              "code": "cy.get(\"[data-test='add-to-cart-sauce-labs-backpack']\").click();\n// Assertion: Cart badge shows 1\ncy.get(\".shopping_cart_badge\").should(\"contain\", \"1\");",
              "err": {},
              "uuid": "18000032-e307-4206-b9db-77d32143c17a",
              "parentUUID": "191a82bd-554b-4a9f-b6b6-a77581071ba3",
              "isHook": false,
              "skipped": false
            },
            {
              "title": "should add multiple products to the cart",
              "fullTitle": "Swag Labs - Add to Cart Tests should add multiple products to the cart",
              "timedOut": null,
              "duration": 7090,
              "state": "passed",
              "speed": "medium",
              "pass": true,
              "fail": false,
              "pending": false,
              "context": null,
              "code": "cy.get(\"[data-test='add-to-cart-sauce-labs-backpack']\").click();\ncy.get(\"[data-test='add-to-cart-sauce-labs-bike-light']\").click();\ncy.get(\"[data-test='add-to-cart-sauce-labs-bolt-t-shirt']\").click();\n// Assertion: Cart badge shows 3\ncy.get(\".shopping_cart_badge\").should(\"contain\", \"3\");",
              "err": {},
              "uuid": "758c02c2-7554-4ab5-b117-d710dafcbe6f",
              "parentUUID": "191a82bd-554b-4a9f-b6b6-a77581071ba3",
              "isHook": false,
              "skipped": false
            },
            {
              "title": "should remove a product from the cart",
              "fullTitle": "Swag Labs - Add to Cart Tests should remove a product from the cart",
              "timedOut": null,
              "duration": 6164,
              "state": "passed",
              "speed": "medium",
              "pass": true,
              "fail": false,
              "pending": false,
              "context": null,
              "code": "cy.get(\"[data-test='add-to-cart-sauce-labs-backpack']\").click();\ncy.get(\"[data-test='remove-sauce-labs-backpack']\").click();\n// Assertion: Cart badge should not exist\ncy.get(\".shopping_cart_badge\").should(\"not.exist\");",
              "err": {},
              "uuid": "178ad7ac-c753-4d0b-8589-da4a69171207",
              "parentUUID": "191a82bd-554b-4a9f-b6b6-a77581071ba3",
              "isHook": false,
              "skipped": false
            },
            {
              "title": "should navigate to cart page and verify added items",
              "fullTitle": "Swag Labs - Add to Cart Tests should navigate to cart page and verify added items",
              "timedOut": null,
              "duration": 6400,
              "state": "passed",
              "speed": "medium",
              "pass": true,
              "fail": false,
              "pending": false,
              "context": null,
              "code": "cy.get(\"[data-test='add-to-cart-sauce-labs-backpack']\").click();\ncy.get(\"[data-test='add-to-cart-sauce-labs-bike-light']\").click();\n// Go to cart page\ncy.get(\".shopping_cart_link\").click();\ncy.url().should(\"include\", \"/cart.html\");\n// Assertions: Ensure items exist in cart\ncy.get(\".cart_item\").should(\"have.length\", 2);\ncy.contains(\"Sauce Labs Backpack\").should(\"be.visible\");\ncy.contains(\"Sauce Labs Bike Light\").should(\"be.visible\");",
              "err": {},
              "uuid": "c412099e-68c2-4353-b2db-f0273e725b93",
              "parentUUID": "191a82bd-554b-4a9f-b6b6-a77581071ba3",
              "isHook": false,
              "skipped": false
            },
            {
              "title": "should keep cart items after page reload",
              "fullTitle": "Swag Labs - Add to Cart Tests should keep cart items after page reload",
              "timedOut": null,
              "duration": 11257,
              "state": "passed",
              "speed": "slow",
              "pass": true,
              "fail": false,
              "pending": false,
              "context": null,
              "code": "cy.get(\"[data-test='add-to-cart-sauce-labs-backpack']\").click();\n// Reload page\ncy.reload();\n// Cart badge should still show 1\ncy.get(\".shopping_cart_badge\").should(\"contain\", \"1\");",
              "err": {},
              "uuid": "90008b0c-2436-44a9-8711-fb418ba4240e",
              "parentUUID": "191a82bd-554b-4a9f-b6b6-a77581071ba3",
              "isHook": false,
              "skipped": false
            }
          ],
          "suites": [],
          "passes": [
            "18000032-e307-4206-b9db-77d32143c17a",
            "758c02c2-7554-4ab5-b117-d710dafcbe6f",
            "178ad7ac-c753-4d0b-8589-da4a69171207",
            "c412099e-68c2-4353-b2db-f0273e725b93",
            "90008b0c-2436-44a9-8711-fb418ba4240e"
          ],
          "failures": [],
          "pending": [],
          "skipped": [],
          "duration": 38781,
          "root": false,
          "rootEmpty": false,
          "_timeout": 2000
        }
      ],
      "passes": [],
      "failures": [],
      "pending": [],
      "skipped": [],
      "duration": 0,
      "root": true,
      "rootEmpty": true,
      "_timeout": 2000
    }
  ],
  "meta": {
    "mocha": {
      "version": "7.2.0"
    },
    "mochawesome": {
      "options": {
        "quiet": false,
        "reportFilename": "mochawesome",
        "saveHtml": true,
        "saveJson": true,
        "consoleReporter": "spec",
        "useInlineDiffs": false,
        "code": true
      },
      "version": "7.1.4"
    },
    "marge": {
      "options": {
        "reportDir": "cypress/reports",
        "overwrite": false,
        "html": true,
        "json": true
      },
      "version": "6.3.2"
    }
  }
}