{
  "stats": {
    "suites": 1,
    "tests": 5,
    "passes": 5,
    "pending": 0,
    "failures": 0,
    "start": "2025-11-20T05:18:58.261Z",
    "end": "2025-11-20T05:19:40.852Z",
    "duration": 42591,
    "testsRegistered": 5,
    "passPercent": 100,
    "pendingPercent": 0,
    "other": 0,
    "hasOther": false,
    "skipped": 0,
    "hasSkipped": false
  },
  "results": [
    {
      "uuid": "d3bacad9-631a-4044-85e5-2bac0ae3bafd",
      "title": "",
      "fullFile": "cypress\\e2e\\addtocart.cy.js",
      "file": "cypress\\e2e\\addtocart.cy.js",
      "beforeHooks": [],
      "afterHooks": [],
      "tests": [],
      "suites": [
        {
          "uuid": "942505c3-573b-4450-bf78-e4f22abc8d40",
          "title": "Swag Labs - Add to Cart Tests",
          "fullFile": "",
          "file": "",
          "beforeHooks": [],
          "afterHooks": [],
          "tests": [
            {
              "title": "should add a single product to the cart",
              "fullTitle": "Swag Labs - Add to Cart Tests should add a single product to the cart",
              "timedOut": null,
              "duration": 8078,
              "state": "passed",
              "speed": "medium",
              "pass": true,
              "fail": false,
              "pending": false,
              "context": null,
              "code": "cy.get(\"[data-test='add-to-cart-sauce-labs-backpack']\").click();\n// Assertion: Cart badge shows 1\ncy.get(\".shopping_cart_badge\").should(\"contain\", \"1\");",
              "err": {},
              "uuid": "9c0acdee-e515-4f6a-bd9f-4779a87aaea5",
              "parentUUID": "942505c3-573b-4450-bf78-e4f22abc8d40",
              "isHook": false,
              "skipped": false
            },
            {
              "title": "should add multiple products to the cart",
              "fullTitle": "Swag Labs - Add to Cart Tests should add multiple products to the cart",
              "timedOut": null,
              "duration": 7220,
              "state": "passed",
              "speed": "medium",
              "pass": true,
              "fail": false,
              "pending": false,
              "context": null,
              "code": "cy.get(\"[data-test='add-to-cart-sauce-labs-backpack']\").click();\ncy.get(\"[data-test='add-to-cart-sauce-labs-bike-light']\").click();\ncy.get(\"[data-test='add-to-cart-sauce-labs-bolt-t-shirt']\").click();\n// Assertion: Cart badge shows 3\ncy.get(\".shopping_cart_badge\").should(\"contain\", \"3\");",
              "err": {},
              "uuid": "f2aa5106-29ba-4267-b3f1-1486d5b8e0d8",
              "parentUUID": "942505c3-573b-4450-bf78-e4f22abc8d40",
              "isHook": false,
              "skipped": false
            },
            {
              "title": "should remove a product from the cart",
              "fullTitle": "Swag Labs - Add to Cart Tests should remove a product from the cart",
              "timedOut": null,
              "duration": 6152,
              "state": "passed",
              "speed": "medium",
              "pass": true,
              "fail": false,
              "pending": false,
              "context": null,
              "code": "cy.get(\"[data-test='add-to-cart-sauce-labs-backpack']\").click();\ncy.get(\"[data-test='remove-sauce-labs-backpack']\").click();\n// Assertion: Cart badge should not exist\ncy.get(\".shopping_cart_badge\").should(\"not.exist\");",
              "err": {},
              "uuid": "6fe84cb5-ac0e-4f0c-8614-74c61377a41e",
              "parentUUID": "942505c3-573b-4450-bf78-e4f22abc8d40",
              "isHook": false,
              "skipped": false
            },
            {
              "title": "should navigate to cart page and verify added items",
              "fullTitle": "Swag Labs - Add to Cart Tests should navigate to cart page and verify added items",
              "timedOut": null,
              "duration": 6534,
              "state": "passed",
              "speed": "medium",
              "pass": true,
              "fail": false,
              "pending": false,
              "context": null,
              "code": "cy.get(\"[data-test='add-to-cart-sauce-labs-backpack']\").click();\ncy.get(\"[data-test='add-to-cart-sauce-labs-bike-light']\").click();\n// Go to cart page\ncy.get(\".shopping_cart_link\").click();\ncy.url().should(\"include\", \"/cart.html\");\n// Assertions: Ensure items exist in cart\ncy.get(\".cart_item\").should(\"have.length\", 2);\ncy.contains(\"Sauce Labs Backpack\").should(\"be.visible\");\ncy.contains(\"Sauce Labs Bike Light\").should(\"be.visible\");",
              "err": {},
              "uuid": "90d7094e-6d22-4fc7-9dc1-ba60677aa6ac",
              "parentUUID": "942505c3-573b-4450-bf78-e4f22abc8d40",
              "isHook": false,
              "skipped": false
            },
            {
              "title": "should keep cart items after page reload",
              "fullTitle": "Swag Labs - Add to Cart Tests should keep cart items after page reload",
              "timedOut": null,
              "duration": 11809,
              "state": "passed",
              "speed": "slow",
              "pass": true,
              "fail": false,
              "pending": false,
              "context": null,
              "code": "cy.get(\"[data-test='add-to-cart-sauce-labs-backpack']\").click();\n// Reload page\ncy.reload();\n// Cart badge should still show 1\ncy.get(\".shopping_cart_badge\").should(\"contain\", \"1\");",
              "err": {},
              "uuid": "d6abe726-a22a-453e-9fe0-3c4fe2eb6b15",
              "parentUUID": "942505c3-573b-4450-bf78-e4f22abc8d40",
              "isHook": false,
              "skipped": false
            }
          ],
          "suites": [],
          "passes": [
            "9c0acdee-e515-4f6a-bd9f-4779a87aaea5",
            "f2aa5106-29ba-4267-b3f1-1486d5b8e0d8",
            "6fe84cb5-ac0e-4f0c-8614-74c61377a41e",
            "90d7094e-6d22-4fc7-9dc1-ba60677aa6ac",
            "d6abe726-a22a-453e-9fe0-3c4fe2eb6b15"
          ],
          "failures": [],
          "pending": [],
          "skipped": [],
          "duration": 39793,
          "root": false,
          "rootEmpty": false,
          "_timeout": 2000
        }
      ],
      "passes": [],
      "failures": [],
      "pending": [],
      "skipped": [],
      "duration": 0,
      "root": true,
      "rootEmpty": true,
      "_timeout": 2000
    }
  ],
  "meta": {
    "mocha": {
      "version": "7.2.0"
    },
    "mochawesome": {
      "options": {
        "quiet": false,
        "reportFilename": "mochawesome",
        "saveHtml": true,
        "saveJson": true,
        "consoleReporter": "spec",
        "useInlineDiffs": false,
        "code": true
      },
      "version": "7.1.4"
    },
    "marge": {
      "options": {
        "reportDir": "cypress/reports",
        "overwrite": false,
        "html": true,
        "json": true
      },
      "version": "6.3.2"
    }
  }
}