{
  "stats": {
    "suites": 1,
    "tests": 4,
    "passes": 4,
    "pending": 0,
    "failures": 0,
    "start": "2025-11-10T09:40:41.219Z",
    "end": "2025-11-10T09:41:11.687Z",
    "duration": 30468,
    "testsRegistered": 4,
    "passPercent": 100,
    "pendingPercent": 0,
    "other": 0,
    "hasOther": false,
    "skipped": 0,
    "hasSkipped": false
  },
  "results": [
    {
      "uuid": "d340a047-c3bd-49d1-8e61-3622b6b1b04c",
      "title": "",
      "fullFile": "cypress\\e2e\\checkout.cy.js",
      "file": "cypress\\e2e\\checkout.cy.js",
      "beforeHooks": [],
      "afterHooks": [],
      "tests": [],
      "suites": [
        {
          "uuid": "e4e83887-e5c5-4b20-a29a-0d1f8c7b0c6e",
          "title": "Swag Labs - Checkout Flow Tests",
          "fullFile": "",
          "file": "",
          "beforeHooks": [],
          "afterHooks": [],
          "tests": [
            {
              "title": "should not allow checkout with an empty cart",
              "fullTitle": "Swag Labs - Checkout Flow Tests should not allow checkout with an empty cart",
              "timedOut": null,
              "duration": 7131,
              "state": "passed",
              "speed": "medium",
              "pass": true,
              "fail": false,
              "pending": false,
              "context": null,
              "code": "cy.get(\".shopping_cart_link\").click();\ncy.url().should(\"include\", \"/cart.html\");\n// Try to checkout\ncy.get(\"[data-test='checkout']\").click();\n// fsyagduyasgdyasgfuf dhaisufius dhhdhhdhdhdhdhmmmmmmmm\n//bmbmbmbmbmbmbm\n// Assert: User redirected to checkout info page but with no items\ncy.get(\".cart_item\").should(\"not.exist\");",
              "err": {},
              "uuid": "83401f1f-cb15-4eef-a100-4ecb06e73d88",
              "parentUUID": "e4e83887-e5c5-4b20-a29a-0d1f8c7b0c6e",
              "isHook": false,
              "skipped": false
            },
            {
              "title": "should require mandatory information in checkout form",
              "fullTitle": "Swag Labs - Checkout Flow Tests should require mandatory information in checkout form",
              "timedOut": null,
              "duration": 7160,
              "state": "passed",
              "speed": "medium",
              "pass": true,
              "fail": false,
              "pending": false,
              "context": null,
              "code": "// Add item to cart\ncy.get(\"[data-test='add-to-cart-sauce-labs-backpack']\").click();\ncy.get(\".shopping_cart_link\").click();\ncy.get(\"[data-test='checkout']\").click();\n// Try to continue without filling form \ncy.get(\"[data-test='continue']\").click();\ncy.get(\"[data-test='error']\").should(\"contain.text\", \"Error: First Name is required\");\n// Fill only first name\ncy.get(\"[data-test='firstName']\").type(\"Moizzz\");\ncy.get(\"[data-test='continue']\").click();\ncy.get(\"[data-test='error']\").should(\"contain.text\", \"Error: Last Name is required\");",
              "err": {},
              "uuid": "261334b5-6766-4baa-ae9c-7dbd925ac149",
              "parentUUID": "e4e83887-e5c5-4b20-a29a-0d1f8c7b0c6e",
              "isHook": false,
              "skipped": false
            },
            {
              "title": "should complete checkout successfully with valid info",
              "fullTitle": "Swag Labs - Checkout Flow Tests should complete checkout successfully with valid info",
              "timedOut": null,
              "duration": 7167,
              "state": "passed",
              "speed": "medium",
              "pass": true,
              "fail": false,
              "pending": false,
              "context": null,
              "code": "// Add multiple products\ncy.get(\"[data-test='add-to-cart-sauce-labs-backpack']\").click();\ncy.get(\"[data-test='add-to-cart-sauce-labs-bike-light']\").click();\n// Go to cart\ncy.get(\".shopping_cart_link\").click();\ncy.get(\"[data-test='checkout']\").click();\n// Fill in checkout info\ncy.get(\"[data-test='firstName']\").type(\"Moiz\");\ncy.get(\"[data-test='lastName']\").type(\"Ahmad\");\ncy.get(\"[data-test='postalCode']\").type(\"12345\");\ncy.get(\"[data-test='continue']\").click();\n// Assert: Verify items in checkout overview\ncy.get(\".cart_item\").should(\"have.length\", 2);\ncy.contains(\"Sauce Labs Backpack\").should(\"be.visible\");\ncy.contains(\"Sauce Labs Bike Light\").should(\"be.visible\");\n// Finish checkout\ncy.get(\"[data-test='finish']\").click();\n// Assert: Verify order confirmation\ncy.url().should(\"include\", \"/checkout-complete.html\");\ncy.contains(\"Thank you\").should(\"be.visible\");",
              "err": {},
              "uuid": "49cb5374-76b6-459e-b28c-f5c7f7332497",
              "parentUUID": "e4e83887-e5c5-4b20-a29a-0d1f8c7b0c6e",
              "isHook": false,
              "skipped": false
            },
            {
              "title": "should allow user to cancel checkout and return to cart",
              "fullTitle": "Swag Labs - Checkout Flow Tests should allow user to cancel checkout and return to cart",
              "timedOut": null,
              "duration": 6942,
              "state": "passed",
              "speed": "medium",
              "pass": true,
              "fail": false,
              "pending": false,
              "context": null,
              "code": "cy.get(\"[data-test='add-to-cart-sauce-labs-bolt-t-shirt']\").click();\ncy.get(\".shopping_cart_link\").click();\ncy.get(\"[data-test='checkout']\").click();\n// Fill in partial info\ncy.get(\"[data-test='firstName']\").type(\"Test\");\ncy.get(\"[data-test='lastName']\").type(\"User\");\ncy.get(\"[data-test='postalCode']\").type(\"40000\");\n// Cancel\ncy.get(\"[data-test='cancel']\").click();\n// Assert: Should go back to cart page\ncy.url().should(\"include\", \"/cart.html\");\ncy.contains(\"Your Cart\").should(\"be.visible\");",
              "err": {},
              "uuid": "4645ac47-0328-4edb-8a58-5ffc5ba2f182",
              "parentUUID": "e4e83887-e5c5-4b20-a29a-0d1f8c7b0c6e",
              "isHook": false,
              "skipped": false
            }
          ],
          "suites": [],
          "passes": [
            "83401f1f-cb15-4eef-a100-4ecb06e73d88",
            "261334b5-6766-4baa-ae9c-7dbd925ac149",
            "49cb5374-76b6-459e-b28c-f5c7f7332497",
            "4645ac47-0328-4edb-8a58-5ffc5ba2f182"
          ],
          "failures": [],
          "pending": [],
          "skipped": [],
          "duration": 28400,
          "root": false,
          "rootEmpty": false,
          "_timeout": 2000
        }
      ],
      "passes": [],
      "failures": [],
      "pending": [],
      "skipped": [],
      "duration": 0,
      "root": true,
      "rootEmpty": true,
      "_timeout": 2000
    }
  ],
  "meta": {
    "mocha": {
      "version": "7.2.0"
    },
    "mochawesome": {
      "options": {
        "quiet": false,
        "reportFilename": "mochawesome",
        "saveHtml": true,
        "saveJson": true,
        "consoleReporter": "spec",
        "useInlineDiffs": false,
        "code": true
      },
      "version": "7.1.4"
    },
    "marge": {
      "options": {
        "reportDir": "cypress/reports",
        "overwrite": false,
        "html": true,
        "json": true
      },
      "version": "6.3.2"
    }
  }
}