{
  "stats": {
    "suites": 2,
    "tests": 3,
    "passes": 2,
    "pending": 0,
    "failures": 1,
    "start": "2025-11-10T09:35:03.395Z",
    "end": "2025-11-10T09:35:13.330Z",
    "duration": 9935,
    "testsRegistered": 3,
    "passPercent": 66.66666666666666,
    "pendingPercent": 0,
    "other": 0,
    "hasOther": false,
    "skipped": 0,
    "hasSkipped": false
  },
  "results": [
    {
      "uuid": "c270228f-5651-42c4-ae7e-ffcd454d3ac9",
      "title": "",
      "fullFile": "cypress\\e2e\\login.cy.js",
      "file": "cypress\\e2e\\login.cy.js",
      "beforeHooks": [],
      "afterHooks": [],
      "tests": [],
      "suites": [
        {
          "uuid": "4372f36f-0fa2-426e-8689-563e15f6b4b4",
          "title": "Login Functionality",
          "fullFile": "",
          "file": "",
          "beforeHooks": [],
          "afterHooks": [],
          "tests": [
            {
              "title": "Should login with valid credentials",
              "fullTitle": "Login Functionality Should login with valid credentials",
              "timedOut": null,
              "duration": 6806,
              "state": "passed",
              "speed": "medium",
              "pass": true,
              "fail": false,
              "pending": false,
              "context": null,
              "code": "cy.login(_credentials.default.validUser.username, _credentials.default.validUser.password);\ncy.get(\".title\").should(\"contain.text\", \"Products\");",
              "err": {},
              "uuid": "82c6f957-fb94-4da9-97d9-0f13fbe09e2a",
              "parentUUID": "4372f36f-0fa2-426e-8689-563e15f6b4b4",
              "isHook": false,
              "skipped": false
            },
            {
              "title": "Should fail with invalid credentials",
              "fullTitle": "Login Functionality Should fail with invalid credentials",
              "timedOut": null,
              "duration": 1302,
              "state": "passed",
              "speed": "fast",
              "pass": true,
              "fail": false,
              "pending": false,
              "context": null,
              "code": "cy.login(_credentials.default.invalidUser.username, _credentials.default.invalidUser.password);\ncy.contains(\"Epic sadface: Username and password do not match any user in this service\").should(\"be.visible\");",
              "err": {},
              "uuid": "b54ab352-2f6d-4ba7-a81c-f24168637a9a",
              "parentUUID": "4372f36f-0fa2-426e-8689-563e15f6b4b4",
              "isHook": false,
              "skipped": false
            }
          ],
          "suites": [],
          "passes": [
            "82c6f957-fb94-4da9-97d9-0f13fbe09e2a",
            "b54ab352-2f6d-4ba7-a81c-f24168637a9a"
          ],
          "failures": [],
          "pending": [],
          "skipped": [],
          "duration": 8108,
          "root": false,
          "rootEmpty": false,
          "_timeout": 2000
        },
        {
          "uuid": "5655f5e8-af15-4680-854f-4991e2d2480d",
          "title": "Intentional fail",
          "fullFile": "",
          "file": "",
          "beforeHooks": [],
          "afterHooks": [],
          "tests": [
            {
              "title": "should fail intentionally",
              "fullTitle": "Intentional fail should fail intentionally",
              "timedOut": null,
              "duration": 168,
              "state": "failed",
              "speed": null,
              "pass": false,
              "fail": true,
              "pending": false,
              "context": null,
              "code": "expect(true).to.equal(false);",
              "err": {
                "message": "AssertionError: expected true to equal false",
                "estack": "AssertionError: expected true to equal false\n    at Context.eval (webpack://swaglabs_automation/./cypress/e2e/login.cy.js:19:18)",
                "diff": null
              },
              "uuid": "8d050d9a-3890-449d-92c1-6b7ce7590adf",
              "parentUUID": "5655f5e8-af15-4680-854f-4991e2d2480d",
              "isHook": false,
              "skipped": false
            }
          ],
          "suites": [],
          "passes": [],
          "failures": ["8d050d9a-3890-449d-92c1-6b7ce7590adf"],
          "pending": [],
          "skipped": [],
          "duration": 168,
          "root": false,
          "rootEmpty": false,
          "_timeout": 2000
        }
      ],
      "passes": [],
      "failures": [],
      "pending": [],
      "skipped": [],
      "duration": 0,
      "root": true,
      "rootEmpty": true,
      "_timeout": 2000
    }
  ],
  "meta": {
    "mocha": {
      "version": "7.2.0"
    },
    "mochawesome": {
      "options": {
        "quiet": false,
        "reportFilename": "mochawesome",
        "saveHtml": false,
        "saveJson": true,
        "consoleReporter": "spec",
        "useInlineDiffs": false,
        "code": true
      },
      "version": "7.1.4"
    },
    "marge": {
      "options": {
        "reportDir": "cypress/reports",
        "overwrite": false,
        "html": false,
        "json": true
      },
      "version": "6.3.2"
    }
  }
}
