{
  "stats": {
    "suites": 2,
    "tests": 3,
    "passes": 2,
    "pending": 0,
    "failures": 1,
    "start": "2025-11-10T09:41:13.339Z",
    "end": "2025-11-10T09:41:23.211Z",
    "duration": 9872,
    "testsRegistered": 3,
    "passPercent": 66.66666666666666,
    "pendingPercent": 0,
    "other": 0,
    "hasOther": false,
    "skipped": 0,
    "hasSkipped": false
  },
  "results": [
    {
      "uuid": "67e7b690-7fd3-4381-b02a-692b8ac99abe",
      "title": "",
      "fullFile": "cypress\\e2e\\login.cy.js",
      "file": "cypress\\e2e\\login.cy.js",
      "beforeHooks": [],
      "afterHooks": [],
      "tests": [],
      "suites": [
        {
          "uuid": "ad83d236-ae77-4436-a3de-3f446582d3f2",
          "title": "Login Functionality",
          "fullFile": "",
          "file": "",
          "beforeHooks": [],
          "afterHooks": [],
          "tests": [
            {
              "title": "Should login with valid credentials",
              "fullTitle": "Login Functionality Should login with valid credentials",
              "timedOut": null,
              "duration": 6765,
              "state": "passed",
              "speed": "medium",
              "pass": true,
              "fail": false,
              "pending": false,
              "context": null,
              "code": "cy.login(_credentials.default.validUser.username, _credentials.default.validUser.password);\ncy.get(\".title\").should(\"contain.text\", \"Products\");",
              "err": {},
              "uuid": "a2eccc83-5d57-4363-9d98-e7a44fbafc2d",
              "parentUUID": "ad83d236-ae77-4436-a3de-3f446582d3f2",
              "isHook": false,
              "skipped": false
            },
            {
              "title": "Should fail with invalid credentials",
              "fullTitle": "Login Functionality Should fail with invalid credentials",
              "timedOut": null,
              "duration": 1290,
              "state": "passed",
              "speed": "fast",
              "pass": true,
              "fail": false,
              "pending": false,
              "context": null,
              "code": "cy.login(_credentials.default.invalidUser.username, _credentials.default.invalidUser.password);\ncy.contains(\"Epic sadface: Username and password do not match any user in this service\").should(\"be.visible\");",
              "err": {},
              "uuid": "dab8fddd-9568-4612-afd1-c56ab75a10ab",
              "parentUUID": "ad83d236-ae77-4436-a3de-3f446582d3f2",
              "isHook": false,
              "skipped": false
            }
          ],
          "suites": [],
          "passes": [
            "a2eccc83-5d57-4363-9d98-e7a44fbafc2d",
            "dab8fddd-9568-4612-afd1-c56ab75a10ab"
          ],
          "failures": [],
          "pending": [],
          "skipped": [],
          "duration": 8055,
          "root": false,
          "rootEmpty": false,
          "_timeout": 2000
        },
        {
          "uuid": "3a1afedf-837b-4563-a24d-2d6a62bec46f",
          "title": "Intentional fail",
          "fullFile": "",
          "file": "",
          "beforeHooks": [],
          "afterHooks": [],
          "tests": [
            {
              "title": "should fail intentionally",
              "fullTitle": "Intentional fail should fail intentionally",
              "timedOut": null,
              "duration": 170,
              "state": "failed",
              "speed": null,
              "pass": false,
              "fail": true,
              "pending": false,
              "context": null,
              "code": "expect(true).to.equal(false);",
              "err": {
                "message": "AssertionError: expected true to equal false",
                "estack": "AssertionError: expected true to equal false\n    at Context.eval (webpack://swaglabs_automation/./cypress/e2e/login.cy.js:19:18)",
                "diff": null
              },
              "uuid": "df9cb470-9edc-4eeb-829c-042ba6c376e7",
              "parentUUID": "3a1afedf-837b-4563-a24d-2d6a62bec46f",
              "isHook": false,
              "skipped": false
            }
          ],
          "suites": [],
          "passes": [],
          "failures": [
            "df9cb470-9edc-4eeb-829c-042ba6c376e7"
          ],
          "pending": [],
          "skipped": [],
          "duration": 170,
          "root": false,
          "rootEmpty": false,
          "_timeout": 2000
        }
      ],
      "passes": [],
      "failures": [],
      "pending": [],
      "skipped": [],
      "duration": 0,
      "root": true,
      "rootEmpty": true,
      "_timeout": 2000
    }
  ],
  "meta": {
    "mocha": {
      "version": "7.2.0"
    },
    "mochawesome": {
      "options": {
        "quiet": false,
        "reportFilename": "mochawesome",
        "saveHtml": true,
        "saveJson": true,
        "consoleReporter": "spec",
        "useInlineDiffs": false,
        "code": true
      },
      "version": "7.1.4"
    },
    "marge": {
      "options": {
        "reportDir": "cypress/reports",
        "overwrite": false,
        "html": true,
        "json": true
      },
      "version": "6.3.2"
    }
  }
}