{
  "stats": {
    "suites": 2,
    "tests": 3,
    "passes": 2,
    "pending": 0,
    "failures": 1,
    "start": "2025-11-20T05:25:48.834Z",
    "end": "2025-11-20T05:25:59.310Z",
    "duration": 10476,
    "testsRegistered": 3,
    "passPercent": 66.66666666666666,
    "pendingPercent": 0,
    "other": 0,
    "hasOther": false,
    "skipped": 0,
    "hasSkipped": false
  },
  "results": [
    {
      "uuid": "975928ac-3168-4735-8e6d-1d2f67e56696",
      "title": "",
      "fullFile": "cypress\\e2e\\login.cy.js",
      "file": "cypress\\e2e\\login.cy.js",
      "beforeHooks": [],
      "afterHooks": [],
      "tests": [],
      "suites": [
        {
          "uuid": "7f60cc5d-4766-43ad-b486-5f1600c20180",
          "title": "Login Functionality",
          "fullFile": "",
          "file": "",
          "beforeHooks": [],
          "afterHooks": [],
          "tests": [
            {
              "title": "Should login with valid credentials",
              "fullTitle": "Login Functionality Should login with valid credentials",
              "timedOut": null,
              "duration": 6880,
              "state": "passed",
              "speed": "medium",
              "pass": true,
              "fail": false,
              "pending": false,
              "context": null,
              "code": "cy.login(_credentials.default.validUser.username, _credentials.default.validUser.password);\ncy.get(\".title\").should(\"contain.text\", \"Products\");",
              "err": {},
              "uuid": "8a23f558-02f9-45f3-b88e-7d67afd0369a",
              "parentUUID": "7f60cc5d-4766-43ad-b486-5f1600c20180",
              "isHook": false,
              "skipped": false
            },
            {
              "title": "Should fail with invalid credentials",
              "fullTitle": "Login Functionality Should fail with invalid credentials",
              "timedOut": null,
              "duration": 1555,
              "state": "passed",
              "speed": "fast",
              "pass": true,
              "fail": false,
              "pending": false,
              "context": null,
              "code": "cy.login(_credentials.default.invalidUser.username, _credentials.default.invalidUser.password);\ncy.contains(\"Epic sadface: Username and password do not match any user in this service\").should(\"be.visible\");",
              "err": {},
              "uuid": "b3bb9165-4e8d-4b5d-b427-74e473217a49",
              "parentUUID": "7f60cc5d-4766-43ad-b486-5f1600c20180",
              "isHook": false,
              "skipped": false
            }
          ],
          "suites": [],
          "passes": [
            "8a23f558-02f9-45f3-b88e-7d67afd0369a",
            "b3bb9165-4e8d-4b5d-b427-74e473217a49"
          ],
          "failures": [],
          "pending": [],
          "skipped": [],
          "duration": 8435,
          "root": false,
          "rootEmpty": false,
          "_timeout": 2000
        },
        {
          "uuid": "967b6f5c-8250-4882-8eb7-c151be5ddf20",
          "title": "Intentional fail",
          "fullFile": "",
          "file": "",
          "beforeHooks": [],
          "afterHooks": [],
          "tests": [
            {
              "title": "should fail intentionally",
              "fullTitle": "Intentional fail should fail intentionally",
              "timedOut": null,
              "duration": 187,
              "state": "failed",
              "speed": null,
              "pass": false,
              "fail": true,
              "pending": false,
              "context": null,
              "code": "expect(true).to.equal(false);",
              "err": {
                "message": "AssertionError: expected true to equal false",
                "estack": "AssertionError: expected true to equal false\n    at Context.eval (webpack://swaglabs_automation/./cypress/e2e/login.cy.js:19:20)",
                "diff": null
              },
              "uuid": "747e267b-842f-4875-9241-276d96f2fecd",
              "parentUUID": "967b6f5c-8250-4882-8eb7-c151be5ddf20",
              "isHook": false,
              "skipped": false
            }
          ],
          "suites": [],
          "passes": [],
          "failures": [
            "747e267b-842f-4875-9241-276d96f2fecd"
          ],
          "pending": [],
          "skipped": [],
          "duration": 187,
          "root": false,
          "rootEmpty": false,
          "_timeout": 2000
        }
      ],
      "passes": [],
      "failures": [],
      "pending": [],
      "skipped": [],
      "duration": 0,
      "root": true,
      "rootEmpty": true,
      "_timeout": 2000
    }
  ],
  "meta": {
    "mocha": {
      "version": "7.2.0"
    },
    "mochawesome": {
      "options": {
        "quiet": false,
        "reportFilename": "mochawesome",
        "saveHtml": true,
        "saveJson": true,
        "consoleReporter": "spec",
        "useInlineDiffs": false,
        "code": true
      },
      "version": "7.1.4"
    },
    "marge": {
      "options": {
        "reportDir": "cypress/reports",
        "overwrite": false,
        "html": true,
        "json": true
      },
      "version": "6.3.2"
    }
  }
}